Using pre-set license
Built from '2021.3/staging' branch; Version is '2021.3.16f1 (4016570cf34f) revision 4200023'; Using compiler version '192829333'; Build Type 'Release'
OS: 'Windows 11  (10.0.22000) 64bit Professional' Language: 'en' Physical Memory: 32559 MB
BatchMode: 1, IsHumanControllingUs: 0, StartBugReporterOnCrash: 0, Is64bit: 1, IsPro: 1

COMMAND LINE ARGUMENTS:
C:\Program Files\Unity\Hub\Editor\2021.3.16f1\Editor\Unity.exe
-adb2
-batchMode
-noUpm
-name
AssetImportWorker5
-projectPath
C:/Users/Kanumuri/Documents/GitHub/Industrial Revolution Tycoon
-logFile
Logs/AssetImportWorker5.log
-srvPort
60210
Successfully changed project path to: C:/Users/Kanumuri/Documents/GitHub/Industrial Revolution Tycoon
C:/Users/Kanumuri/Documents/GitHub/Industrial Revolution Tycoon
[UnityMemory] Configuration Parameters - Can be set up in boot.config
    "memorysetup-bucket-allocator-granularity=16"
    "memorysetup-bucket-allocator-bucket-count=8"
    "memorysetup-bucket-allocator-block-size=33554432"
    "memorysetup-bucket-allocator-block-count=8"
    "memorysetup-main-allocator-block-size=16777216"
    "memorysetup-thread-allocator-block-size=16777216"
    "memorysetup-gfx-main-allocator-block-size=16777216"
    "memorysetup-gfx-thread-allocator-block-size=16777216"
    "memorysetup-cache-allocator-block-size=4194304"
    "memorysetup-typetree-allocator-block-size=2097152"
    "memorysetup-profiler-bucket-allocator-granularity=16"
    "memorysetup-profiler-bucket-allocator-bucket-count=8"
    "memorysetup-profiler-bucket-allocator-block-size=33554432"
    "memorysetup-profiler-bucket-allocator-block-count=8"
    "memorysetup-profiler-allocator-block-size=16777216"
    "memorysetup-profiler-editor-allocator-block-size=1048576"
    "memorysetup-temp-allocator-size-main=16777216"
    "memorysetup-job-temp-allocator-block-size=2097152"
    "memorysetup-job-temp-allocator-block-size-background=1048576"
    "memorysetup-job-temp-allocator-reduction-small-platforms=262144"
    "memorysetup-temp-allocator-size-background-worker=32768"
    "memorysetup-temp-allocator-size-job-worker=262144"
    "memorysetup-temp-allocator-size-preload-manager=33554432"
    "memorysetup-temp-allocator-size-nav-mesh-worker=65536"
    "memorysetup-temp-allocator-size-audio-worker=65536"
    "memorysetup-temp-allocator-size-cloud-worker=32768"
    "memorysetup-temp-allocator-size-gi-baking-worker=262144"
    "memorysetup-temp-allocator-size-gfx=262144"
Player connection [28352] Host "[IP] 192.168.0.28 [Port] 0 [Flags] 2 [Guid] 2971892875 [EditorId] 2971892875 [Version] 1048832 [Id] WindowsEditor(7,DESKTOP-TEV2OPH) [Debug] 1 [PackageName] WindowsEditor [ProjectName] Editor" joined multi-casting on [225.0.0.222:54997]...

Player connection [28352] Host "[IP] 192.168.0.28 [Port] 0 [Flags] 2 [Guid] 2971892875 [EditorId] 2971892875 [Version] 1048832 [Id] WindowsEditor(7,DESKTOP-TEV2OPH) [Debug] 1 [PackageName] WindowsEditor [ProjectName] Editor" joined alternative multi-casting on [225.0.0.222:34997]...

Refreshing native plugins compatible for Editor in 92.63 ms, found 4 plugins.
Preloading 0 native plugins for Editor in 0.00 ms.
Initialize engine version: 2021.3.16f1 (4016570cf34f)
[Subsystems] Discovering subsystems at path C:/Program Files/Unity/Hub/Editor/2021.3.16f1/Editor/Data/Resources/UnitySubsystems
[Subsystems] Discovering subsystems at path C:/Users/Kanumuri/Documents/GitHub/Industrial Revolution Tycoon/Assets
GfxDevice: creating device client; threaded=0; jobified=0
Direct3D:
    Version:  Direct3D 11.0 [level 11.1]
    Renderer: NVIDIA GeForce RTX 3060 Ti (ID=0x2489)
    Vendor:   NVIDIA
    VRAM:     8038 MB
    Driver:   31.0.15.2756
Initialize mono
Mono path[0] = 'C:/Program Files/Unity/Hub/Editor/2021.3.16f1/Editor/Data/Managed'
Mono path[1] = 'C:/Program Files/Unity/Hub/Editor/2021.3.16f1/Editor/Data/MonoBleedingEdge/lib/mono/unityjit-win32'
Mono config path = 'C:/Program Files/Unity/Hub/Editor/2021.3.16f1/Editor/Data/MonoBleedingEdge/etc'
Using monoOptions --debugger-agent=transport=dt_socket,embedding=1,server=y,suspend=n,address=127.0.0.1:56476
Begin MonoManager ReloadAssembly
Registering precompiled unity dll's ...
Register platform support module: C:/Program Files/Unity/Hub/Editor/2021.3.16f1/Editor/Data/PlaybackEngines/WebGLSupport/UnityEditor.WebGL.Extensions.dll
Register platform support module: C:/Program Files/Unity/Hub/Editor/2021.3.16f1/Editor/Data/PlaybackEngines/WindowsStandaloneSupport/UnityEditor.WindowsStandalone.Extensions.dll
Registered in 0.003039 seconds.
Native extension for WindowsStandalone target not found
Native extension for WebGL target not found
Refreshing native plugins compatible for Editor in 78.31 ms, found 4 plugins.
Preloading 0 native plugins for Editor in 0.00 ms.
Mono: successfully reloaded assembly
- Completed reload, in  0.440 seconds
Domain Reload Profiling:
	ReloadAssembly (441ms)
		BeginReloadAssembly (50ms)
			ExecutionOrderSort (0ms)
			DisableScriptedObjects (0ms)
			BackupInstance (0ms)
			ReleaseScriptingObjects (0ms)
			CreateAndSetChildDomain (1ms)
		EndReloadAssembly (325ms)
			LoadAssemblies (48ms)
			RebuildTransferFunctionScriptingTraits (0ms)
			SetupTypeCache (60ms)
			ReleaseScriptCaches (0ms)
			RebuildScriptCaches (18ms)
			SetupLoadedEditorAssemblies (213ms)
				LogAssemblyErrors (0ms)
				InitializePlatformSupportModulesInManaged (7ms)
				SetLoadedEditorAssemblies (0ms)
				RefreshPlugins (78ms)
				BeforeProcessingInitializeOnLoad (1ms)
				ProcessInitializeOnLoadAttributes (93ms)
				ProcessInitializeOnLoadMethodAttributes (35ms)
				AfterProcessingInitializeOnLoad (0ms)
				EditorAssembliesLoaded (0ms)
			ExecutionOrderSort2 (0ms)
			AwakeInstancesAfterBackupRestoration (0ms)
Platform modules already initialized, skipping
Registering precompiled user dll's ...
Registered in 0.005640 seconds.
Begin MonoManager ReloadAssembly
Symbol file LoadedFromMemory doesn't match image C:\Users\Kanumuri\Documents\GitHub\Industrial Revolution Tycoon\Library\PackageCache\com.unity.visualscripting@1.7.8\Editor\VisualScripting.Core\Dependencies\YamlDotNet\Unity.VisualScripting.YamlDotNet.dll
Symbol file LoadedFromMemory doesn't match image C:\Users\Kanumuri\Documents\GitHub\Industrial Revolution Tycoon\Library\PackageCache\com.unity.visualscripting@1.7.8\Editor\VisualScripting.Core\Dependencies\DotNetZip\Unity.VisualScripting.IonicZip.dll
Native extension for WindowsStandalone target not found
Native extension for WebGL target not found
Refreshing native plugins compatible for Editor in 87.58 ms, found 4 plugins.
Preloading 0 native plugins for Editor in 0.00 ms.
Mono: successfully reloaded assembly
- Completed reload, in  1.220 seconds
Domain Reload Profiling:
	ReloadAssembly (1220ms)
		BeginReloadAssembly (67ms)
			ExecutionOrderSort (0ms)
			DisableScriptedObjects (3ms)
			BackupInstance (0ms)
			ReleaseScriptingObjects (0ms)
			CreateAndSetChildDomain (13ms)
		EndReloadAssembly (1060ms)
			LoadAssemblies (70ms)
			RebuildTransferFunctionScriptingTraits (0ms)
			SetupTypeCache (391ms)
			ReleaseScriptCaches (0ms)
			RebuildScriptCaches (65ms)
			SetupLoadedEditorAssemblies (486ms)
				LogAssemblyErrors (0ms)
				InitializePlatformSupportModulesInManaged (4ms)
				SetLoadedEditorAssemblies (0ms)
				RefreshPlugins (88ms)
				BeforeProcessingInitializeOnLoad (98ms)
				ProcessInitializeOnLoadAttributes (221ms)
				ProcessInitializeOnLoadMethodAttributes (70ms)
				AfterProcessingInitializeOnLoad (4ms)
				EditorAssembliesLoaded (0ms)
			ExecutionOrderSort2 (0ms)
			AwakeInstancesAfterBackupRestoration (4ms)
Platform modules already initialized, skipping
========================================================================
Worker process is ready to serve import requests
Launched and connected shader compiler UnityShaderCompiler.exe after 0.03 seconds
Refreshing native plugins compatible for Editor in 0.71 ms, found 4 plugins.
Preloading 0 native plugins for Editor in 0.00 ms.
Unloading 5845 Unused Serialized files (Serialized files now loaded: 0)
Unloading 57 unused Assets / (0.5 MB). Loaded Objects now: 6299.
Memory consumption went from 230.3 MB to 229.8 MB.
Total: 3.081400 ms (FindLiveObjects: 0.295100 ms CreateObjectMapping: 0.213700 ms MarkObjects: 2.380000 ms  DeleteObjects: 0.191900 ms)

AssetImportParameters requested are different than current active one (requested -> active):
  custom:video-decoder-ogg-theora: a1e56fd34408186e4bbccfd4996cb3dc -> 
  custom:container-muxer-webm: aa71ff27fc2769a1b78a27578f13a17b -> 
  custom:container-demuxer-webm: 4f35f7cbe854078d1ac9338744f61a02 -> 
  custom:video-encoder-webm-vp8: eb34c28f22e8b96e1ab97ce403110664 -> 
  custom:audio-encoder-webm-vorbis: bf7c407c2cedff20999df2af8eb42d56 -> 
  custom:framework-win-MediaFoundation: 216162199b28c13a410421893ffa2e32 -> 
  custom:container-demuxer-ogg: 62fdf1f143b41e24485cea50d1cbac27 -> 
  custom:video-decoder-webm-vp8: 9c59270c3fd7afecdb556c50c9e8de78 -> 
  custom:audio-decoder-ogg-vorbis: bf7c407c2cedff20999df2af8eb42d56 -> 
========================================================================
Received Import Request.
  Time since last request: 1873249.263201 seconds.
  path: Assets/Sprites/TinyDungeonTopDown/DarkStoneTile.png
  artifactKey: Guid(e889943bfb0aabe479ef171a7bb01849) Importer(815301076,1909f56bfc062723c751e8b465ee728b)
Start importing Assets/Sprites/TinyDungeonTopDown/DarkStoneTile.png using Guid(e889943bfb0aabe479ef171a7bb01849) Importer(815301076,1909f56bfc062723c751e8b465ee728b)  -> (artifact id: '6953ced2d3aadd8f7ad2924b836cbdd5') in 0.102870 seconds 
========================================================================
Received Import Request.
  Time since last request: 0.000038 seconds.
  path: Assets/Sprites/TinyDungeonTopDown/WoodPlankTile.png
  artifactKey: Guid(4dc9f149d1ba4044ab3b97fca3be1e3a) Importer(815301076,1909f56bfc062723c751e8b465ee728b)
Start importing Assets/Sprites/TinyDungeonTopDown/WoodPlankTile.png using Guid(4dc9f149d1ba4044ab3b97fca3be1e3a) Importer(815301076,1909f56bfc062723c751e8b465ee728b)  -> (artifact id: '2de202085d761e9da753a5b9ad4423a8') in 0.020652 seconds 
========================================================================
Received Import Request.
  Time since last request: 0.000029 seconds.
  path: Assets/Sprites/TinyDungeonTopDown/StoneBrickTile.png
  artifactKey: Guid(0af4d3fa06619b145b0d48ad6c584704) Importer(815301076,1909f56bfc062723c751e8b465ee728b)
Start importing Assets/Sprites/TinyDungeonTopDown/StoneBrickTile.png using Guid(0af4d3fa06619b145b0d48ad6c584704) Importer(815301076,1909f56bfc062723c751e8b465ee728b)  -> (artifact id: 'cbb5b31a955846624e7e9bbd2ef7962b') in 0.018646 seconds 
========================================================================
Received Import Request.
  Time since last request: 4.401351 seconds.
  path: Assets/forestSprites_ v1 1.2/forestSprites_ v1.2/boar_.png
  artifactKey: Guid(9aa633507ea5efe41947cf9ee0aab94b) Importer(815301076,1909f56bfc062723c751e8b465ee728b)
Start importing Assets/forestSprites_ v1 1.2/forestSprites_ v1.2/boar_.png using Guid(9aa633507ea5efe41947cf9ee0aab94b) Importer(815301076,1909f56bfc062723c751e8b465ee728b)  -> (artifact id: '7496c19fb62519aafe22f12af4c3815b') in 0.030993 seconds 
========================================================================
Received Import Request.
  Time since last request: 0.000020 seconds.
  path: Assets/forestSprites_ v1 1.2/forestSprites_ v1.2/ogre_.png
  artifactKey: Guid(95d31e9f423ba2343afe216423a70ef5) Importer(815301076,1909f56bfc062723c751e8b465ee728b)
Start importing Assets/forestSprites_ v1 1.2/forestSprites_ v1.2/ogre_.png using Guid(95d31e9f423ba2343afe216423a70ef5) Importer(815301076,1909f56bfc062723c751e8b465ee728b)  -> (artifact id: '31179f83df1b27ab2fe9767bd61b7f97') in 0.025229 seconds 
========================================================================
Received Import Request.
  Time since last request: 0.000022 seconds.
  path: Assets/forestSprites_ v1 1.2/forestSprites_ v1.2/golem_.png
  artifactKey: Guid(9a6a7425cde26c94b8735b5d292bbcb2) Importer(815301076,1909f56bfc062723c751e8b465ee728b)
Start importing Assets/forestSprites_ v1 1.2/forestSprites_ v1.2/golem_.png using Guid(9a6a7425cde26c94b8735b5d292bbcb2) Importer(815301076,1909f56bfc062723c751e8b465ee728b)  -> (artifact id: 'a548260503ca0ea500fcf086e5cc6feb') in 0.019420 seconds 
========================================================================
Received Import Request.
  Time since last request: 0.000056 seconds.
  path: Assets/forestSprites_ v1 1.2/forestSprites_ v1.2/fungiant_.png
  artifactKey: Guid(5d41ec0edac176d42abbee7b9f299c75) Importer(815301076,1909f56bfc062723c751e8b465ee728b)
Start importing Assets/forestSprites_ v1 1.2/forestSprites_ v1.2/fungiant_.png using Guid(5d41ec0edac176d42abbee7b9f299c75) Importer(815301076,1909f56bfc062723c751e8b465ee728b)  -> (artifact id: '958fd84e9480bc2c7c8d0435ffab81e3') in 0.025969 seconds 
========================================================================
Received Import Request.
  Time since last request: 0.000023 seconds.
  path: Assets/forestSprites_ v1 1.2/forestSprites_ v1.2/lancelot_.png
  artifactKey: Guid(26edb88ce1931cd4884cf58459777536) Importer(815301076,1909f56bfc062723c751e8b465ee728b)
Start importing Assets/forestSprites_ v1 1.2/forestSprites_ v1.2/lancelot_.png using Guid(26edb88ce1931cd4884cf58459777536) Importer(815301076,1909f56bfc062723c751e8b465ee728b)  -> (artifact id: '6426780bbce34eba9ce5246dcc7f34fd') in 0.019986 seconds 
========================================================================
Received Import Request.
  Time since last request: 0.000021 seconds.
  path: Assets/forestSprites_ v1 1.2/forestSprites_ v1.2/fairyQueen_.png
  artifactKey: Guid(33bade57b3f0d584683bffb4a9eb4a53) Importer(815301076,1909f56bfc062723c751e8b465ee728b)
Start importing Assets/forestSprites_ v1 1.2/forestSprites_ v1.2/fairyQueen_.png using Guid(33bade57b3f0d584683bffb4a9eb4a53) Importer(815301076,1909f56bfc062723c751e8b465ee728b)  -> (artifact id: '9c2421cc93756ebfa11980e0e32624d8') in 0.025255 seconds 
========================================================================
Received Import Request.
  Time since last request: 0.000034 seconds.
  path: Assets/forestSprites_ v1 1.2/forestSprites_ v1.2/lancelotHand_.png
  artifactKey: Guid(0753c9df6420432488222068b2b869a8) Importer(815301076,1909f56bfc062723c751e8b465ee728b)
Start importing Assets/forestSprites_ v1 1.2/forestSprites_ v1.2/lancelotHand_.png using Guid(0753c9df6420432488222068b2b869a8) Importer(815301076,1909f56bfc062723c751e8b465ee728b)  -> (artifact id: '644258e2b5c773fbef6ff834e3fb4b48') in 0.021180 seconds 
========================================================================
Received Import Request.
  Time since last request: 0.000021 seconds.
  path: Assets/forestSprites_ v1 1.2/forestSprites_ v1.2/thiefHand_.png
  artifactKey: Guid(dfeb2ed5af42dd14cabbbc4e947a1eaf) Importer(815301076,1909f56bfc062723c751e8b465ee728b)
Start importing Assets/forestSprites_ v1 1.2/forestSprites_ v1.2/thiefHand_.png using Guid(dfeb2ed5af42dd14cabbbc4e947a1eaf) Importer(815301076,1909f56bfc062723c751e8b465ee728b)  -> (artifact id: '7d09b41200a1101daefada1fbbd8a410') in 0.017875 seconds 
========================================================================
Received Import Request.
  Time since last request: 0.000023 seconds.
  path: Assets/forestSprites_ v1 1.2/forestSprites_ v1.2/fHeroHand_ [elf].png
  artifactKey: Guid(4838464da85357549827570c19a6b2ed) Importer(815301076,1909f56bfc062723c751e8b465ee728b)
Start importing Assets/forestSprites_ v1 1.2/forestSprites_ v1.2/fHeroHand_ [elf].png using Guid(4838464da85357549827570c19a6b2ed) Importer(815301076,1909f56bfc062723c751e8b465ee728b)  -> (artifact id: '3a58826bcf0f0b055dc4cb53c7f96ae2') in 0.020568 seconds 
========================================================================
Received Import Request.
  Time since last request: 0.000020 seconds.
  path: Assets/forestSprites_ v1 1.2/forestSprites_ v1.2/fHero_ [elf].png
  artifactKey: Guid(88157006e6d0dd644a4c3c3853903394) Importer(815301076,1909f56bfc062723c751e8b465ee728b)
Start importing Assets/forestSprites_ v1 1.2/forestSprites_ v1.2/fHero_ [elf].png using Guid(88157006e6d0dd644a4c3c3853903394) Importer(815301076,1909f56bfc062723c751e8b465ee728b)  -> (artifact id: '94eb5ff6945aabfe11e58508c1db33b5') in 0.022848 seconds 
========================================================================
Received Import Request.
  Time since last request: 0.000021 seconds.
  path: Assets/forestSprites_ v1 1.2/forestSprites_ v1.2/golemHand_.png
  artifactKey: Guid(9e6489b46eecb1c4f9c8f9ca4d3a4d61) Importer(815301076,1909f56bfc062723c751e8b465ee728b)
Start importing Assets/forestSprites_ v1 1.2/forestSprites_ v1.2/golemHand_.png using Guid(9e6489b46eecb1c4f9c8f9ca4d3a4d61) Importer(815301076,1909f56bfc062723c751e8b465ee728b)  -> (artifact id: '3899d08ae09afd4b6164643207d95830') in 0.018212 seconds 
========================================================================
Received Import Request.
  Time since last request: 0.000031 seconds.
  path: Assets/forestSprites_ v1 1.2/forestSprites_ v1.2/weapons_.png
  artifactKey: Guid(01aaf676267d77c4d91da0e8b348037c) Importer(815301076,1909f56bfc062723c751e8b465ee728b)
Start importing Assets/forestSprites_ v1 1.2/forestSprites_ v1.2/weapons_.png using Guid(01aaf676267d77c4d91da0e8b348037c) Importer(815301076,1909f56bfc062723c751e8b465ee728b)  -> (artifact id: 'a31e1660a3cafb036cc92ec25b99bfc5') in 0.026704 seconds 
========================================================================
Received Import Request.
  Time since last request: 0.000066 seconds.
  path: Assets/forestSprites_ v1 1.2/forestSprites_ v1.2/gnome_.png
  artifactKey: Guid(bea7c0d3d20b1124cb1b2aa5b3b9ade7) Importer(815301076,1909f56bfc062723c751e8b465ee728b)
Start importing Assets/forestSprites_ v1 1.2/forestSprites_ v1.2/gnome_.png using Guid(bea7c0d3d20b1124cb1b2aa5b3b9ade7) Importer(815301076,1909f56bfc062723c751e8b465ee728b)  -> (artifact id: '4b588ec79f908bef63f668ba66d5f6e4') in 0.020442 seconds 
========================================================================
Received Import Request.
  Time since last request: 0.000022 seconds.
  path: Assets/forestSprites_ v1 1.2/forestSprites_ v1.2/centaurHand_.png
  artifactKey: Guid(6f73b4c4428202649953cb168dd2e220) Importer(815301076,1909f56bfc062723c751e8b465ee728b)
Start importing Assets/forestSprites_ v1 1.2/forestSprites_ v1.2/centaurHand_.png using Guid(6f73b4c4428202649953cb168dd2e220) Importer(815301076,1909f56bfc062723c751e8b465ee728b)  -> (artifact id: 'a3225cc77a65f67d8141fad8afc219f1') in 0.016877 seconds 
Editor requested this worker to shutdown with reason: Scaling down because of idle timeout
AssetImportWorker is now disconnected from the server
Process exiting
Exiting without the bug reporter. Application will terminate with return code 0