Using pre-set license
Built from '2021.3/staging' branch; Version is '2021.3.16f1 (4016570cf34f) revision 4200023'; Using compiler version '192829333'; Build Type 'Release'
OS: 'Windows 11  (10.0.22000) 64bit Professional' Language: 'en' Physical Memory: 32559 MB
BatchMode: 1, IsHumanControllingUs: 0, StartBugReporterOnCrash: 0, Is64bit: 1, IsPro: 1

COMMAND LINE ARGUMENTS:
C:\Program Files\Unity\Hub\Editor\2021.3.16f1\Editor\Unity.exe
-adb2
-batchMode
-noUpm
-name
AssetImportWorker6
-projectPath
C:/Users/Kanumuri/Documents/GitHub/Industrial Revolution Tycoon
-logFile
Logs/AssetImportWorker6.log
-srvPort
60210
Successfully changed project path to: C:/Users/Kanumuri/Documents/GitHub/Industrial Revolution Tycoon
C:/Users/Kanumuri/Documents/GitHub/Industrial Revolution Tycoon
[UnityMemory] Configuration Parameters - Can be set up in boot.config
    "memorysetup-bucket-allocator-granularity=16"
    "memorysetup-bucket-allocator-bucket-count=8"
    "memorysetup-bucket-allocator-block-size=33554432"
    "memorysetup-bucket-allocator-block-count=8"
    "memorysetup-main-allocator-block-size=16777216"
    "memorysetup-thread-allocator-block-size=16777216"
    "memorysetup-gfx-main-allocator-block-size=16777216"
    "memorysetup-gfx-thread-allocator-block-size=16777216"
    "memorysetup-cache-allocator-block-size=4194304"
    "memorysetup-typetree-allocator-block-size=2097152"
    "memorysetup-profiler-bucket-allocator-granularity=16"
    "memorysetup-profiler-bucket-allocator-bucket-count=8"
    "memorysetup-profiler-bucket-allocator-block-size=33554432"
    "memorysetup-profiler-bucket-allocator-block-count=8"
    "memorysetup-profiler-allocator-block-size=16777216"
    "memorysetup-profiler-editor-allocator-block-size=1048576"
    "memorysetup-temp-allocator-size-main=16777216"
    "memorysetup-job-temp-allocator-block-size=2097152"
    "memorysetup-job-temp-allocator-block-size-background=1048576"
    "memorysetup-job-temp-allocator-reduction-small-platforms=262144"
    "memorysetup-temp-allocator-size-background-worker=32768"
    "memorysetup-temp-allocator-size-job-worker=262144"
    "memorysetup-temp-allocator-size-preload-manager=33554432"
    "memorysetup-temp-allocator-size-nav-mesh-worker=65536"
    "memorysetup-temp-allocator-size-audio-worker=65536"
    "memorysetup-temp-allocator-size-cloud-worker=32768"
    "memorysetup-temp-allocator-size-gi-baking-worker=262144"
    "memorysetup-temp-allocator-size-gfx=262144"
Player connection [28556] Host "[IP] 192.168.0.28 [Port] 0 [Flags] 2 [Guid] 2324323730 [EditorId] 2324323730 [Version] 1048832 [Id] WindowsEditor(7,DESKTOP-TEV2OPH) [Debug] 1 [PackageName] WindowsEditor [ProjectName] Editor" joined multi-casting on [225.0.0.222:54997]...

Player connection [28556] Host "[IP] 192.168.0.28 [Port] 0 [Flags] 2 [Guid] 2324323730 [EditorId] 2324323730 [Version] 1048832 [Id] WindowsEditor(7,DESKTOP-TEV2OPH) [Debug] 1 [PackageName] WindowsEditor [ProjectName] Editor" joined alternative multi-casting on [225.0.0.222:34997]...

Refreshing native plugins compatible for Editor in 85.41 ms, found 4 plugins.
Preloading 0 native plugins for Editor in 0.00 ms.
Initialize engine version: 2021.3.16f1 (4016570cf34f)
[Subsystems] Discovering subsystems at path C:/Program Files/Unity/Hub/Editor/2021.3.16f1/Editor/Data/Resources/UnitySubsystems
[Subsystems] Discovering subsystems at path C:/Users/Kanumuri/Documents/GitHub/Industrial Revolution Tycoon/Assets
GfxDevice: creating device client; threaded=0; jobified=0
Direct3D:
    Version:  Direct3D 11.0 [level 11.1]
    Renderer: NVIDIA GeForce RTX 3060 Ti (ID=0x2489)
    Vendor:   NVIDIA
    VRAM:     8038 MB
    Driver:   31.0.15.2756
Initialize mono
Mono path[0] = 'C:/Program Files/Unity/Hub/Editor/2021.3.16f1/Editor/Data/Managed'
Mono path[1] = 'C:/Program Files/Unity/Hub/Editor/2021.3.16f1/Editor/Data/MonoBleedingEdge/lib/mono/unityjit-win32'
Mono config path = 'C:/Program Files/Unity/Hub/Editor/2021.3.16f1/Editor/Data/MonoBleedingEdge/etc'
Using monoOptions --debugger-agent=transport=dt_socket,embedding=1,server=y,suspend=n,address=127.0.0.1:56124
Begin MonoManager ReloadAssembly
Registering precompiled unity dll's ...
Register platform support module: C:/Program Files/Unity/Hub/Editor/2021.3.16f1/Editor/Data/PlaybackEngines/WebGLSupport/UnityEditor.WebGL.Extensions.dll
Register platform support module: C:/Program Files/Unity/Hub/Editor/2021.3.16f1/Editor/Data/PlaybackEngines/WindowsStandaloneSupport/UnityEditor.WindowsStandalone.Extensions.dll
Registered in 0.003762 seconds.
Native extension for WindowsStandalone target not found
Native extension for WebGL target not found
Refreshing native plugins compatible for Editor in 71.85 ms, found 4 plugins.
Preloading 0 native plugins for Editor in 0.00 ms.
Mono: successfully reloaded assembly
- Completed reload, in  0.432 seconds
Domain Reload Profiling:
	ReloadAssembly (432ms)
		BeginReloadAssembly (45ms)
			ExecutionOrderSort (0ms)
			DisableScriptedObjects (0ms)
			BackupInstance (0ms)
			ReleaseScriptingObjects (0ms)
			CreateAndSetChildDomain (1ms)
		EndReloadAssembly (320ms)
			LoadAssemblies (44ms)
			RebuildTransferFunctionScriptingTraits (0ms)
			SetupTypeCache (65ms)
			ReleaseScriptCaches (0ms)
			RebuildScriptCaches (19ms)
			SetupLoadedEditorAssemblies (201ms)
				LogAssemblyErrors (0ms)
				InitializePlatformSupportModulesInManaged (6ms)
				SetLoadedEditorAssemblies (0ms)
				RefreshPlugins (72ms)
				BeforeProcessingInitializeOnLoad (1ms)
				ProcessInitializeOnLoadAttributes (89ms)
				ProcessInitializeOnLoadMethodAttributes (33ms)
				AfterProcessingInitializeOnLoad (0ms)
				EditorAssembliesLoaded (0ms)
			ExecutionOrderSort2 (0ms)
			AwakeInstancesAfterBackupRestoration (0ms)
Platform modules already initialized, skipping
Registering precompiled user dll's ...
Registered in 0.004628 seconds.
Begin MonoManager ReloadAssembly
Symbol file LoadedFromMemory doesn't match image C:\Users\Kanumuri\Documents\GitHub\Industrial Revolution Tycoon\Library\PackageCache\com.unity.visualscripting@1.7.8\Editor\VisualScripting.Core\Dependencies\YamlDotNet\Unity.VisualScripting.YamlDotNet.dll
Symbol file LoadedFromMemory doesn't match image C:\Users\Kanumuri\Documents\GitHub\Industrial Revolution Tycoon\Library\PackageCache\com.unity.visualscripting@1.7.8\Editor\VisualScripting.Core\Dependencies\DotNetZip\Unity.VisualScripting.IonicZip.dll
Native extension for WindowsStandalone target not found
Native extension for WebGL target not found
Refreshing native plugins compatible for Editor in 74.32 ms, found 4 plugins.
Preloading 0 native plugins for Editor in 0.00 ms.
Mono: successfully reloaded assembly
- Completed reload, in  0.908 seconds
Domain Reload Profiling:
	ReloadAssembly (908ms)
		BeginReloadAssembly (69ms)
			ExecutionOrderSort (0ms)
			DisableScriptedObjects (3ms)
			BackupInstance (0ms)
			ReleaseScriptingObjects (0ms)
			CreateAndSetChildDomain (13ms)
		EndReloadAssembly (768ms)
			LoadAssemblies (58ms)
			RebuildTransferFunctionScriptingTraits (0ms)
			SetupTypeCache (173ms)
			ReleaseScriptCaches (1ms)
			RebuildScriptCaches (58ms)
			SetupLoadedEditorAssemblies (443ms)
				LogAssemblyErrors (0ms)
				InitializePlatformSupportModulesInManaged (3ms)
				SetLoadedEditorAssemblies (0ms)
				RefreshPlugins (74ms)
				BeforeProcessingInitializeOnLoad (83ms)
				ProcessInitializeOnLoadAttributes (215ms)
				ProcessInitializeOnLoadMethodAttributes (63ms)
				AfterProcessingInitializeOnLoad (4ms)
				EditorAssembliesLoaded (0ms)
			ExecutionOrderSort2 (0ms)
			AwakeInstancesAfterBackupRestoration (4ms)
Platform modules already initialized, skipping
========================================================================
Worker process is ready to serve import requests
Launched and connected shader compiler UnityShaderCompiler.exe after 0.03 seconds
Refreshing native plugins compatible for Editor in 0.61 ms, found 4 plugins.
Preloading 0 native plugins for Editor in 0.00 ms.
Unloading 5845 Unused Serialized files (Serialized files now loaded: 0)
Unloading 57 unused Assets / (0.5 MB). Loaded Objects now: 6299.
Memory consumption went from 230.3 MB to 229.8 MB.
Total: 2.703400 ms (FindLiveObjects: 0.287000 ms CreateObjectMapping: 0.143600 ms MarkObjects: 2.064300 ms  DeleteObjects: 0.207500 ms)

AssetImportParameters requested are different than current active one (requested -> active):
  custom:video-decoder-ogg-theora: a1e56fd34408186e4bbccfd4996cb3dc -> 
  custom:container-muxer-webm: aa71ff27fc2769a1b78a27578f13a17b -> 
  custom:container-demuxer-webm: 4f35f7cbe854078d1ac9338744f61a02 -> 
  custom:video-encoder-webm-vp8: eb34c28f22e8b96e1ab97ce403110664 -> 
  custom:audio-encoder-webm-vorbis: bf7c407c2cedff20999df2af8eb42d56 -> 
  custom:framework-win-MediaFoundation: 216162199b28c13a410421893ffa2e32 -> 
  custom:container-demuxer-ogg: 62fdf1f143b41e24485cea50d1cbac27 -> 
  custom:video-decoder-webm-vp8: 9c59270c3fd7afecdb556c50c9e8de78 -> 
  custom:audio-decoder-ogg-vorbis: bf7c407c2cedff20999df2af8eb42d56 -> 
========================================================================
Received Import Request.
  Time since last request: 1873253.830076 seconds.
  path: Assets/forestSprites_ v1 1.2/forestSprites_ v1.2/banditHand_.png
  artifactKey: Guid(444335002d89667469e5500b75eb9098) Importer(815301076,1909f56bfc062723c751e8b465ee728b)
Start importing Assets/forestSprites_ v1 1.2/forestSprites_ v1.2/banditHand_.png using Guid(444335002d89667469e5500b75eb9098) Importer(815301076,1909f56bfc062723c751e8b465ee728b)  -> (artifact id: '18890be29ad1f22c3aca69e79a1aaa12') in 0.106439 seconds 
========================================================================
Received Import Request.
  Time since last request: 0.000058 seconds.
  path: Assets/forestSprites_ v1 1.2/forestSprites_ v1.2/centaur_.png
  artifactKey: Guid(b93cd91f16b4f3d4ea31ec5edf1a2819) Importer(815301076,1909f56bfc062723c751e8b465ee728b)
Start importing Assets/forestSprites_ v1 1.2/forestSprites_ v1.2/centaur_.png using Guid(b93cd91f16b4f3d4ea31ec5edf1a2819) Importer(815301076,1909f56bfc062723c751e8b465ee728b)  -> (artifact id: '3cdacaefa26a98b172d5ff31640b1d14') in 0.023500 seconds 
========================================================================
Received Import Request.
  Time since last request: 0.000070 seconds.
  path: Assets/forestSprites_ v1 1.2/forestSprites_ v1.2/mHeroHand_.png
  artifactKey: Guid(3e9c152f7a0c35240ab69793fb941718) Importer(815301076,1909f56bfc062723c751e8b465ee728b)
Start importing Assets/forestSprites_ v1 1.2/forestSprites_ v1.2/mHeroHand_.png using Guid(3e9c152f7a0c35240ab69793fb941718) Importer(815301076,1909f56bfc062723c751e8b465ee728b)  -> (artifact id: '5e7d3d82253d2144919b819ccaee0d25') in 0.020109 seconds 
========================================================================
Received Import Request.
  Time since last request: 0.000025 seconds.
  path: Assets/forestSprites_ v1 1.2/forestSprites_ v1.2/mFairyHand_.png
  artifactKey: Guid(9b5dc67b7a5b1b348bce5c2e4313a61b) Importer(815301076,1909f56bfc062723c751e8b465ee728b)
Start importing Assets/forestSprites_ v1 1.2/forestSprites_ v1.2/mFairyHand_.png using Guid(9b5dc67b7a5b1b348bce5c2e4313a61b) Importer(815301076,1909f56bfc062723c751e8b465ee728b)  -> (artifact id: '8ed9f58f562a930c63025249c41fa936') in 0.017810 seconds 
========================================================================
Received Import Request.
  Time since last request: 0.000019 seconds.
  path: Assets/forestSprites_ v1 1.2/forestSprites_ v1.2/fFairy_.png
  artifactKey: Guid(db7d73c92462dd44b8ca9522ed9f5291) Importer(815301076,1909f56bfc062723c751e8b465ee728b)
Start importing Assets/forestSprites_ v1 1.2/forestSprites_ v1.2/fFairy_.png using Guid(db7d73c92462dd44b8ca9522ed9f5291) Importer(815301076,1909f56bfc062723c751e8b465ee728b)  -> (artifact id: '60cfeb00ff5bc7942efa2f353d4f5d66') in 0.023637 seconds 
========================================================================
Received Import Request.
  Time since last request: 0.000035 seconds.
  path: Assets/forestSprites_ v1 1.2/forestSprites_ v1.2/fungant_.png
  artifactKey: Guid(ad0081006b63acb469510c7a73554fc6) Importer(815301076,1909f56bfc062723c751e8b465ee728b)
Start importing Assets/forestSprites_ v1 1.2/forestSprites_ v1.2/fungant_.png using Guid(ad0081006b63acb469510c7a73554fc6) Importer(815301076,1909f56bfc062723c751e8b465ee728b)  -> (artifact id: '11754a689113d5baa21b02abe6159d33') in 0.024179 seconds 
========================================================================
Received Import Request.
  Time since last request: 0.000036 seconds.
  path: Assets/forestSprites_ v1 1.2/forestSprites_ v1.2/troll_.png
  artifactKey: Guid(baba7094f43bd284da59741adb343aef) Importer(815301076,1909f56bfc062723c751e8b465ee728b)
Start importing Assets/forestSprites_ v1 1.2/forestSprites_ v1.2/troll_.png using Guid(baba7094f43bd284da59741adb343aef) Importer(815301076,1909f56bfc062723c751e8b465ee728b)  -> (artifact id: 'cc589df0efc32dfe94b3fe6ac3647758') in 0.024618 seconds 
========================================================================
Received Import Request.
  Time since last request: 0.000038 seconds.
  path: Assets/forestSprites_ v1 1.2/forestSprites_ v1.2/trollHand_.png
  artifactKey: Guid(91d84222853e0684b9bea137121f584f) Importer(815301076,1909f56bfc062723c751e8b465ee728b)
Start importing Assets/forestSprites_ v1 1.2/forestSprites_ v1.2/trollHand_.png using Guid(91d84222853e0684b9bea137121f584f) Importer(815301076,1909f56bfc062723c751e8b465ee728b)  -> (artifact id: 'e94a6a4c242280cc846662a5a5387c37') in 0.018812 seconds 
========================================================================
Received Import Request.
  Time since last request: 0.000026 seconds.
  path: Assets/forestSprites_ v1 1.2/forestSprites_ v1.2/fFairyHand_.png
  artifactKey: Guid(bf421859c488e094394cc0f16468ef9b) Importer(815301076,1909f56bfc062723c751e8b465ee728b)
Start importing Assets/forestSprites_ v1 1.2/forestSprites_ v1.2/fFairyHand_.png using Guid(bf421859c488e094394cc0f16468ef9b) Importer(815301076,1909f56bfc062723c751e8b465ee728b)  -> (artifact id: '34dc1d06afebf9574768fbfa2c714e6f') in 0.020774 seconds 
========================================================================
Received Import Request.
  Time since last request: 0.000040 seconds.
  path: Assets/forestSprites_ v1 1.2/forestSprites_ v1.2/gnomeHand_.png
  artifactKey: Guid(8d6bd1c3b7fac324d8d4e2dd333fe920) Importer(815301076,1909f56bfc062723c751e8b465ee728b)
Start importing Assets/forestSprites_ v1 1.2/forestSprites_ v1.2/gnomeHand_.png using Guid(8d6bd1c3b7fac324d8d4e2dd333fe920) Importer(815301076,1909f56bfc062723c751e8b465ee728b)  -> (artifact id: 'acbd61da89323d3947adb5e5bbe14b77') in 0.017844 seconds 
========================================================================
Received Import Request.
  Time since last request: 0.000029 seconds.
  path: Assets/forestSprites_ v1 1.2/forestSprites_ v1.2/ogreHand_.png
  artifactKey: Guid(e73297da493d1454cabada6013bc5daf) Importer(815301076,1909f56bfc062723c751e8b465ee728b)
Start importing Assets/forestSprites_ v1 1.2/forestSprites_ v1.2/ogreHand_.png using Guid(e73297da493d1454cabada6013bc5daf) Importer(815301076,1909f56bfc062723c751e8b465ee728b)  -> (artifact id: 'df9c3c10974f15dff08e1d7fd4062141') in 0.018002 seconds 
Editor requested this worker to shutdown with reason: Scaling down because of idle timeout
AssetImportWorker is now disconnected from the server
Process exiting
Exiting without the bug reporter. Application will terminate with return code 0